<?xml version="1.0" encoding="UTF-8"?>
<testsuites name="file:///home/knly/Documents/js/next/merge/next/work/test/next-web.html" hostname="localhost" tests="201" failures="0" errors="0" time="0.165" timestamp="2015-12-22T02:03:07Z">
<testsuite id="0" name="AbstractComponent.js" hostname="localhost" tests="40" failures="0" errors="0" time="0.01" timestamp="2015-12-22T02:03:07Z">
<testcase name="createComponent1" tests="20" failures="0" errors="0" time="0.004" timestamp="2015-12-22T02:03:07Z">
</testcase>
<testcase name="getContainer" tests="4" failures="0" errors="0" time="0.002" timestamp="2015-12-22T02:03:07Z">
</testcase>
<testcase name="attach" tests="12" failures="0" errors="0" time="0.002" timestamp="2015-12-22T02:03:07Z">
</testcase>
<testcase name="detach" tests="4" failures="0" errors="0" time="0.002" timestamp="2015-12-22T02:03:07Z">
</testcase>
</testsuite>
<testsuite id="1" name="Component.js" hostname="localhost" tests="136" failures="0" errors="0" time="0.1" timestamp="2015-12-22T02:03:07Z">
<testcase name="type logic" tests="8" failures="0" errors="0" time="0.004" timestamp="2015-12-22T02:03:07Z">
</testcase>
<testcase name="template1" tests="8" failures="0" errors="0" time="0.005" timestamp="2015-12-22T02:03:07Z">
</testcase>
<testcase name="template2" tests="3" failures="0" errors="0" time="0.004" timestamp="2015-12-22T02:03:07Z">
</testcase>
<testcase name="template3" tests="2" failures="0" errors="0" time="0.001" timestamp="2015-12-22T02:03:07Z">
</testcase>
<testcase name="template-array" tests="8" failures="0" errors="0" time="0.003" timestamp="2015-12-22T02:03:07Z">
</testcase>
<testcase name="template-array2" tests="4" failures="0" errors="0" time="0.002" timestamp="2015-12-22T02:03:07Z">
</testcase>
<testcase name="template-collection" tests="5" failures="0" errors="0" time="0.002" timestamp="2015-12-22T02:03:07Z">
</testcase>
<testcase name="template-collection-add" tests="6" failures="0" errors="0" time="0.005" timestamp="2015-12-22T02:03:07Z">
</testcase>
<testcase name="template-collection-insert" tests="6" failures="0" errors="0" time="0.005" timestamp="2015-12-22T02:03:07Z">
</testcase>
<testcase name="template-collection-remove" tests="4" failures="0" errors="0" time="0.004" timestamp="2015-12-22T02:03:07Z">
</testcase>
<testcase name="template-ObservableCollection" tests="5" failures="0" errors="0" time="0.002" timestamp="2015-12-22T02:03:07Z">
</testcase>
<testcase name="template-ObservableCollection-insert" tests="6" failures="0" errors="0" time="0.004" timestamp="2015-12-22T02:03:07Z">
</testcase>
<testcase name="template-ObservableCollection-add" tests="6" failures="0" errors="0" time="0.007" timestamp="2015-12-22T02:03:07Z">
</testcase>
<testcase name="template-ObservableCollection-insertRange" tests="6" failures="0" errors="0" time="0.003" timestamp="2015-12-22T02:03:07Z">
</testcase>
<testcase name="template-ObservableCollection-remove" tests="5" failures="0" errors="0" time="0.003" timestamp="2015-12-22T02:03:07Z">
</testcase>
<testcase name="template-ObservableCollection-clear" tests="3" failures="0" errors="0" time="0.002" timestamp="2015-12-22T02:03:07Z">
</testcase>
<testcase name="template-ObservableDictionary" tests="15" failures="0" errors="0" time="0.006" timestamp="2015-12-22T02:03:07Z">
</testcase>
<testcase name="template-ObservableObject" tests="8" failures="0" errors="0" time="0.005" timestamp="2015-12-22T02:03:07Z">
</testcase>
<testcase name="template-ObservableObject-add" tests="3" failures="0" errors="0" time="0.003" timestamp="2015-12-22T02:03:07Z">
</testcase>
<testcase name="template-template" tests="6" failures="0" errors="0" time="0.005" timestamp="2015-12-22T02:03:07Z">
</testcase>
<testcase name="class" tests="9" failures="0" errors="0" time="0.002" timestamp="2015-12-22T02:03:07Z">
</testcase>
<testcase name="style" tests="10" failures="0" errors="0" time="0.022" timestamp="2015-12-22T02:03:07Z">
</testcase>
</testsuite>
<testsuite id="2" name="Element.js" hostname="localhost" tests="25" failures="0" errors="0" time="0.03" timestamp="2015-12-22T02:03:07Z">
<testcase name="method getRoot" tests="1" failures="0" errors="0" time="0.006" timestamp="2015-12-22T02:03:07Z">
</testcase>
<testcase name="method getDocument" tests="1" failures="0" errors="0" time="0.002" timestamp="2015-12-22T02:03:07Z">
</testcase>
<testcase name="method getWindow" tests="1" failures="0" errors="0" time="0.001" timestamp="2015-12-22T02:03:07Z">
</testcase>
<testcase name="method toggleClass" tests="4" failures="0" errors="0" time="0.002" timestamp="2015-12-22T02:03:07Z">
</testcase>
<testcase name="method show" tests="1" failures="0" errors="0" time="0.001" timestamp="2015-12-22T02:03:07Z">
</testcase>
<testcase name="method hide" tests="1" failures="0" errors="0" time="0.001" timestamp="2015-12-22T02:03:07Z">
</testcase>
<testcase name="method set/get/remove/Attribute" tests="2" failures="0" errors="0" time="0.002" timestamp="2015-12-22T02:03:07Z">
</testcase>
<testcase name="method set/get/text" tests="1" failures="0" errors="0" time="0.001" timestamp="2015-12-22T02:03:07Z">
</testcase>
<testcase name="method set/get/html" tests="1" failures="0" errors="0" time="0.002" timestamp="2015-12-22T02:03:07Z">
</testcase>
<testcase name="method has/add/delete/class" tests="3" failures="0" errors="0" time="0.001" timestamp="2015-12-22T02:03:07Z">
</testcase>
<testcase name="method toggle class" tests="2" failures="0" errors="0" time="0.002" timestamp="2015-12-22T02:03:07Z">
</testcase>
<testcase name="method set/getStyle" tests="1" failures="0" errors="0" time="0.001" timestamp="2015-12-22T02:03:07Z">
</testcase>
<testcase name="method set/getStyle(s)" tests="4" failures="0" errors="0" time="0.002" timestamp="2015-12-22T02:03:07Z">
</testcase>
<testcase name="method focus/blur" tests="2" failures="0" errors="0" time="0.006" timestamp="2015-12-22T02:03:07Z">
</testcase>
</testsuite>
</testsuites>